<?xml version="1.0" encoding="UTF-8"?>
<!-- Generated by org.testng.reporters.JUnitReportReporter -->
<testsuite hostname="MacBook-Pro-Alexandra.local" failures="0" tests="6" name="by.teachmeskills.LoginTest" time="59.726" errors="0" timestamp="2023-07-24T23:15:55 AMT" skipped="0">
  <testcase classname="by.teachmeskills.LoginTest" name="loginWithWrongEmail" time="10.555"/>
  <system-out/>
  <testcase classname="by.teachmeskills.LoginTest" name="loginValidUser" time="10.143"/>
  <system-out/>
  <testcase classname="by.teachmeskills.LoginTest" name="loginWithWrongPassword" time="9.783"/>
  <system-out/>
  <testcase classname="by.teachmeskills.LoginTest" name="logoutTest" time="12.820"/>
  <system-out/>
  <testcase classname="by.teachmeskills.LoginTest" name="loginWithoutPassword" time="8.984"/>
  <system-out/>
  <testcase classname="by.teachmeskills.LoginTest" name="loginWithoutData" time="7.441"/>
  <system-out/>
</testsuite> <!-- by.teachmeskills.LoginTest -->
