<?xml version="1.0" encoding="UTF-8"?>
<!-- Generated by org.testng.reporters.JUnitReportReporter -->
<testsuite hostname="MacBook-Pro-Alexandra.local" failures="0" tests="3" name="by.teachmeskills.CartTest" time="91.549" errors="0" timestamp="2023-07-24T23:15:55 AMT" skipped="0">
  <testcase classname="by.teachmeskills.CartTest" name="payByBankWire" time="34.654"/>
  <system-out/>
  <testcase classname="by.teachmeskills.CartTest" name="checkedAddingItemToCart" time="20.693"/>
  <system-out/>
  <testcase classname="by.teachmeskills.CartTest" name="payByCheck" time="36.202"/>
  <system-out/>
</testsuite> <!-- by.teachmeskills.CartTest -->
